<?xml version="1.0" encoding="UTF-8"?>
<!-- Generated by org.testng.reporters.JUnitReportReporter -->
<testsuite skipped="0" hostname="DESKTOP-RIL9V0P" name="BasicTestNGAnnotations.ImageStatus" tests="3" failures="0" timestamp="2019-10-19T12:40:34 IST" time="0.000" errors="0">
  <testcase name="test3" time="0.000" classname="BasicTestNGAnnotations.ImageStatus"/>
  <testcase name="test1" time="0.000" classname="BasicTestNGAnnotations.ImageStatus"/>
  <testcase name="test2" time="0.000" classname="BasicTestNGAnnotations.ImageStatus"/>
</testsuite> <!-- BasicTestNGAnnotations.ImageStatus -->
