<?xml version="1.0" encoding="UTF-8"?>
<!-- Generated by org.testng.reporters.JUnitReportReporter -->
<testsuite skipped="1" hostname="DESKTOP-RIL9V0P" name="Collections.MapInterface" tests="2" failures="0" timestamp="2019-10-20T11:37:16 IST" time="0.015" errors="0">
  <testcase name="test2" time="0.015" classname="Collections.MapInterface"/>
  <testcase name="test1" classname="Collections.MapInterface">
    <skipped/>
  </testcase> <!-- test1 -->
</testsuite> <!-- Collections.MapInterface -->
