<?xml version="1.0" encoding="UTF-8"?>
<!-- Generated by org.testng.reporters.JUnitReportReporter -->
<testsuite skipped="0" hostname="DESKTOP-RIL9V0P" name="Collections.SetInterface" tests="3" failures="0" timestamp="2019-10-20T10:38:48 IST" time="0.046" errors="0">
  <testcase name="test3" time="0.031" classname="Collections.SetInterface"/>
  <testcase name="test2" time="0.015" classname="Collections.SetInterface"/>
  <testcase name="test1" time="0.000" classname="Collections.SetInterface"/>
</testsuite> <!-- Collections.SetInterface -->
