<?xml version="1.0" encoding="UTF-8"?>
<!-- Generated by org.testng.reporters.JUnitReportReporter -->
<testsuite skipped="1" hostname="DESKTOP-RIL9V0P" name="Collections.ListInterface" tests="4" failures="0" timestamp="2019-10-20T10:08:27 IST" time="0.016" errors="0">
  <testcase name="test3" time="0.000" classname="Collections.ListInterface"/>
  <testcase name="test2" time="0.000" classname="Collections.ListInterface"/>
  <testcase name="test4" time="0.016" classname="Collections.ListInterface"/>
  <testcase name="test" classname="Collections.ListInterface">
    <skipped/>
  </testcase> <!-- test -->
</testsuite> <!-- Collections.ListInterface -->
