<?xml version="1.0" encoding="UTF-8"?>
<!-- Generated by org.testng.reporters.JUnitReportReporter -->
<testsuite skipped="0" hostname="DESKTOP-RIL9V0P" name="BasicTestNGAnnotations2.PersonalChat1" tests="3" failures="0" timestamp="2019-10-19T18:42:06 IST" time="0.047" errors="0">
  <testcase name="Test2" time="0.016" classname="BasicTestNGAnnotations2.PersonalChat1"/>
  <testcase name="Test1" time="0.016" classname="BasicTestNGAnnotations2.PersonalChat1"/>
  <testcase name="Test3" time="0.015" classname="BasicTestNGAnnotations2.PersonalChat1"/>
</testsuite> <!-- BasicTestNGAnnotations2.PersonalChat1 -->
